<?xml version="1.0" encoding="UTF-8"?>
<testng-results skipped="0" failed="1" total="2" passed="1">
  <reporter-output>
  </reporter-output>
  <suite name="Default suite" duration-ms="15104" started-at="2020-03-27T04:24:57Z" finished-at="2020-03-27T04:25:12Z">
    <groups>
    </groups>
    <test name="Default test" duration-ms="15104" started-at="2020-03-27T04:24:57Z" finished-at="2020-03-27T04:25:12Z">
      <class name="testcase.LoginTest">
        <test-method status="PASS" signature="beforeTest()[pri:0, instance:testcase.LoginTest@14cd1699]" name="beforeTest" is-config="true" duration-ms="9" started-at="2020-03-27T12:24:57Z" finished-at="2020-03-27T12:24:57Z">
          <reporter-output>
          </reporter-output>
        </test-method> <!-- beforeTest -->
        <test-method status="PASS" signature="beforeClass()[pri:0, instance:testcase.LoginTest@14cd1699]" name="beforeClass" is-config="true" duration-ms="1" started-at="2020-03-27T12:24:57Z" finished-at="2020-03-27T12:24:57Z">
          <reporter-output>
          </reporter-output>
        </test-method> <!-- beforeClass -->
        <test-method status="PASS" signature="beforeMethod()[pri:0, instance:testcase.LoginTest@14cd1699]" name="beforeMethod" is-config="true" duration-ms="3676" started-at="2020-03-27T12:24:57Z" finished-at="2020-03-27T12:25:01Z">
          <reporter-output>
          </reporter-output>
        </test-method> <!-- beforeMethod -->
        <test-method status="PASS" signature="f1()[pri:0, instance:testcase.LoginTest@14cd1699]" name="f1" duration-ms="1184" started-at="2020-03-27T12:25:01Z" finished-at="2020-03-27T12:25:02Z">
          <reporter-output>
          </reporter-output>
        </test-method> <!-- f1 -->
        <test-method status="PASS" signature="afterMethod()[pri:0, instance:testcase.LoginTest@14cd1699]" name="afterMethod" is-config="true" duration-ms="171" started-at="2020-03-27T12:25:02Z" finished-at="2020-03-27T12:25:02Z">
          <reporter-output>
          </reporter-output>
        </test-method> <!-- afterMethod -->
        <test-method status="PASS" signature="beforeMethod()[pri:0, instance:testcase.LoginTest@14cd1699]" name="beforeMethod" is-config="true" duration-ms="11" started-at="2020-03-27T12:25:02Z" finished-at="2020-03-27T12:25:02Z">
          <reporter-output>
          </reporter-output>
        </test-method> <!-- beforeMethod -->
        <test-method status="FAIL" signature="f2()[pri:0, instance:testcase.LoginTest@14cd1699]" name="f2" duration-ms="20" started-at="2020-03-27T12:25:02Z" finished-at="2020-03-27T12:25:02Z">
          <exception class="org.openqa.selenium.WebDriverException">
            <message>
              <![CDATA[Returned value cannot be converted to WebElement: {stacktrace=0   chromedriver                        0x0000000102d4dec9 chromedriver + 3837641
1   chromedriver                        0x0000000102ce7cc3 chromedriver + 3419331
2   chromedriver                        0x0000000102a5c042 chromedriver + 749634
3   chromedriver                        0x00000001029bf4cc chromedriver + 107724
4   chromedriver                        0x00000001029e5f2c chromedriver + 266028
5   chromedriver                        0x00000001029e4342 chromedriver + 258882
6   chromedriver                        0x00000001029e3b87 chromedriver + 256903
7   chromedriver                        0x00000001029aa079 chromedriver + 20601
8   chromedriver                        0x0000000102d0fa5f chromedriver + 3582559
9   chromedriver                        0x0000000102d1c9ea chromedriver + 3635690
10  chromedriver                        0x0000000102d1c787 chromedriver + 3635079
11  chromedriver                        0x0000000102cf33d9 chromedriver + 3466201
12  chromedriver                        0x0000000102d1d2a7 chromedriver + 3637927
13  chromedriver                        0x0000000102d05867 chromedriver + 3541095
14  chromedriver                        0x00000001029a7ad7 chromedriver + 10967
15  libdyld.dylib                       0x00007fffa932e235 start + 1
16  ???                                 0x0000000000000002 0x0 + 2
, error=invalid session id, message=invalid session id}
Build info: version: '2.40.0', revision: '4c5c0568b004f67810ee41c459549aa4b09c651e', time: '2014-02-19 11:13:01'
System info: host: 'jiubugaosunideMacBook-Pro.local', ip: '192.168.2.105', os.name: 'Mac OS X', os.arch: 'x86_64', os.version: '10.12.6', java.version: '1.8.0_191'
Driver info: driver.version: RemoteWebDriver]]>
            </message>
            <full-stacktrace>
              <![CDATA[org.openqa.selenium.WebDriverException: Returned value cannot be converted to WebElement: {stacktrace=0   chromedriver                        0x0000000102d4dec9 chromedriver + 3837641
1   chromedriver                        0x0000000102ce7cc3 chromedriver + 3419331
2   chromedriver                        0x0000000102a5c042 chromedriver + 749634
3   chromedriver                        0x00000001029bf4cc chromedriver + 107724
4   chromedriver                        0x00000001029e5f2c chromedriver + 266028
5   chromedriver                        0x00000001029e4342 chromedriver + 258882
6   chromedriver                        0x00000001029e3b87 chromedriver + 256903
7   chromedriver                        0x00000001029aa079 chromedriver + 20601
8   chromedriver                        0x0000000102d0fa5f chromedriver + 3582559
9   chromedriver                        0x0000000102d1c9ea chromedriver + 3635690
10  chromedriver                        0x0000000102d1c787 chromedriver + 3635079
11  chromedriver                        0x0000000102cf33d9 chromedriver + 3466201
12  chromedriver                        0x0000000102d1d2a7 chromedriver + 3637927
13  chromedriver                        0x0000000102d05867 chromedriver + 3541095
14  chromedriver                        0x00000001029a7ad7 chromedriver + 10967
15  libdyld.dylib                       0x00007fffa932e235 start + 1
16  ???                                 0x0000000000000002 0x0 + 2
, error=invalid session id, message=invalid session id}
Build info: version: '2.40.0', revision: '4c5c0568b004f67810ee41c459549aa4b09c651e', time: '2014-02-19 11:13:01'
System info: host: 'jiubugaosunideMacBook-Pro.local', ip: '192.168.2.105', os.name: 'Mac OS X', os.arch: 'x86_64', os.version: '10.12.6', java.version: '1.8.0_191'
Driver info: driver.version: RemoteWebDriver
	at org.openqa.selenium.remote.RemoteWebDriver.findElement(RemoteWebDriver.java:333)
	at org.openqa.selenium.remote.RemoteWebDriver.findElementById(RemoteWebDriver.java:367)
	at org.openqa.selenium.By$ById.findElement(By.java:214)
	at org.openqa.selenium.remote.RemoteWebDriver.findElement(RemoteWebDriver.java:318)
	at pages.BasePage.findElement(BasePage.java:33)
	at pages.LoginPage.getUserElement(LoginPage.java:26)
	at handles.Loginhandle.login(Loginhandle.java:17)
	at testcase.LoginTest.f2(LoginTest.java:31)
	at sun.reflect.NativeMethodAccessorImpl.invoke0(Native Method)
	at sun.reflect.NativeMethodAccessorImpl.invoke(NativeMethodAccessorImpl.java:62)
	at sun.reflect.DelegatingMethodAccessorImpl.invoke(DelegatingMethodAccessorImpl.java:43)
	at java.lang.reflect.Method.invoke(Method.java:498)
	at org.testng.internal.MethodInvocationHelper.invokeMethod(MethodInvocationHelper.java:86)
	at org.testng.internal.Invoker.invokeMethod(Invoker.java:643)
	at org.testng.internal.Invoker.invokeTestMethod(Invoker.java:820)
	at org.testng.internal.Invoker.invokeTestMethods(Invoker.java:1128)
	at org.testng.internal.TestMethodWorker.invokeTestMethods(TestMethodWorker.java:129)
	at org.testng.internal.TestMethodWorker.run(TestMethodWorker.java:112)
	at org.testng.TestRunner.privateRun(TestRunner.java:782)
	at org.testng.TestRunner.run(TestRunner.java:632)
	at org.testng.SuiteRunner.runTest(SuiteRunner.java:366)
	at org.testng.SuiteRunner.runSequentially(SuiteRunner.java:361)
	at org.testng.SuiteRunner.privateRun(SuiteRunner.java:319)
	at org.testng.SuiteRunner.run(SuiteRunner.java:268)
	at org.testng.SuiteRunnerWorker.runSuite(SuiteRunnerWorker.java:52)
	at org.testng.SuiteRunnerWorker.run(SuiteRunnerWorker.java:86)
	at org.testng.TestNG.runSuitesSequentially(TestNG.java:1244)
	at org.testng.TestNG.runSuitesLocally(TestNG.java:1169)
	at org.testng.TestNG.run(TestNG.java:1064)
	at org.testng.remote.AbstractRemoteTestNG.run(AbstractRemoteTestNG.java:132)
	at org.testng.remote.RemoteTestNG.initAndRun(RemoteTestNG.java:236)
	at org.testng.remote.RemoteTestNG.main(RemoteTestNG.java:81)
Caused by: java.lang.ClassCastException: com.google.common.collect.Maps$TransformedEntriesMap cannot be cast to org.openqa.selenium.WebElement
	at org.openqa.selenium.remote.RemoteWebDriver.findElement(RemoteWebDriver.java:331)
	... 31 more
]]>
            </full-stacktrace>
          </exception> <!-- org.openqa.selenium.WebDriverException -->
          <reporter-output>
          </reporter-output>
        </test-method> <!-- f2 -->
        <test-method status="PASS" signature="afterMethod()[pri:0, instance:testcase.LoginTest@14cd1699]" name="afterMethod" is-config="true" duration-ms="3" started-at="2020-03-27T12:25:12Z" finished-at="2020-03-27T12:25:12Z">
          <reporter-output>
          </reporter-output>
        </test-method> <!-- afterMethod -->
        <test-method status="PASS" signature="afterClass()[pri:0, instance:testcase.LoginTest@14cd1699]" name="afterClass" is-config="true" duration-ms="0" started-at="2020-03-27T12:25:12Z" finished-at="2020-03-27T12:25:12Z">
          <reporter-output>
          </reporter-output>
        </test-method> <!-- afterClass -->
        <test-method status="PASS" signature="afterTest()[pri:0, instance:testcase.LoginTest@14cd1699]" name="afterTest" is-config="true" duration-ms="0" started-at="2020-03-27T12:25:12Z" finished-at="2020-03-27T12:25:12Z">
          <reporter-output>
          </reporter-output>
        </test-method> <!-- afterTest -->
      </class> <!-- testcase.LoginTest -->
    </test> <!-- Default test -->
  </suite> <!-- Default suite -->
</testng-results>
